#
# A fatal error has been detected by the Java Runtime Environment:
#
#  SIGSEGV (0xb) at pc=0x000000010efae395, pid=18206, tid=0x0000000000004103
#
# JRE version: Java(TM) SE Runtime Environment (8.0_144-b01) (build 1.8.0_144-b01)
# Java VM: Java HotSpot(TM) 64-Bit Server VM (25.144-b01 mixed mode bsd-amd64 compressed oops)
# Problematic frame:
# V  [libjvm.dylib+0x1ae395]
#
# Failed to write core dump. Core dumps have been disabled. To enable core dumping, try "ulimit -c unlimited" before starting Java again
#
# If you would like to submit a bug report, please visit:
#   http://bugreport.java.com/bugreport/crash.jsp
#

---------------  T H R E A D  ---------------

Current thread (0x00007f9408002000):  JavaThread "C2 CompilerThread2" daemon [_thread_in_native, id=16643, stack(0x0000700009e8c000,0x0000700009f8c000)]

siginfo: si_signo: 11 (SIGSEGV), si_code: 1 (SEGV_MAPERR), si_addr: 0x0000000000000020

Registers:
RAX=0x00000000000000c9, RBX=0x00007f9405881030, RCX=0x00007f9405881210, RDX=0x00007f940587fad8
RSP=0x0000700009f84c70, RBP=0x0000700009f84cc0, RSI=0x0000000000000000, RDI=0x00007f9405881030
R8 =0x0000000000000000, R9 =0x0000000000000005, R10=0x0000000000000001, R11=0x0000000000000030
R12=0x0000000000000003, R13=0x0000000000000000, R14=0x00007f9405881030, R15=0x0000000000000003
RIP=0x000000010efae395, EFLAGS=0x0000000000010297, ERR=0x0000000000000004
  TRAPNO=0x000000000000000e

Top of Stack: (sp=0x0000700009f84c70)
0x0000700009f84c70:   00007f9406030a60 0000700009f84d90
0x0000700009f84c80:   00007f940603a040 0000700009f8af80
0x0000700009f84c90:   00007f9405881030 0000700009f84da8
0x0000700009f84ca0:   0000000000000003 0000000000000000
0x0000700009f84cb0:   00007f9405881030 0000000000000003
0x0000700009f84cc0:   0000700009f84d60 000000010efaf38a
0x0000700009f84cd0:   00007f940587fe98 0000700009f84d90
0x0000700009f84ce0:   0000700009f84d70 0000700009f8af80
0x0000700009f84cf0:   00007f94073021a0 0000003000000004
0x0000700009f84d00:   00007f9408007960 0000700000000002
0x0000700009f84d10:   000000010f6db490 00007f94073021a0
0x0000700009f84d20:   0000700000000008 00007f94080079b0
0x0000700009f84d30:   0000000000000000 0000700009f8af80
0x0000700009f84d40:   0000700009f88e18 0000000000000000
0x0000700009f84d50:   0000700009f84d90 0000700009f84d70
0x0000700009f84d60:   0000700009f84e10 000000010efaf5c6
0x0000700009f84d70:   00007f94080076c0 00007f9408007960
0x0000700009f84d80:   00007f94080076b0 00007f94073021a0
0x0000700009f84d90:   0000000000000001 0000000200000000
0x0000700009f84da0:   0000000100000000 000000010f6db490
0x0000700009f84db0:   00007f94073021a0 00007f9400000008
0x0000700009f84dc0:   00007f9408007990 00007f94073021a0
0x0000700009f84dd0:   00007f9400000004 00007f9408007690
0x0000700009f84de0:   0000700000000003 0000700009f8af80
0x0000700009f84df0:   0000700009f88e18 0000000000000000
0x0000700009f84e00:   0000700009f84e20 0000700009f85898
0x0000700009f84e10:   0000700009f8a340 000000010efb0c92
0x0000700009f84e20:   000000000000000f 0000700009f8af80
0x0000700009f84e30:   0000700009f88e18 00007f940587f2e0
0x0000700009f84e40:   00007f940587f468 00007f940587fad8
0x0000700009f84e50:   00007f940587f3c0 00007f940587f6d0
0x0000700009f84e60:   00007f940587fa78 00007f940587f360 

Instructions: (pc=0x000000010efae395)
0x000000010efae375:   72 7f 0f b7 72 2c 83 e6 0f 83 fe 0c 75 0e 48 8b
0x000000010efae385:   72 08 48 8b 7d d0 48 39 7e 10 74 65 48 8b 71 10
0x000000010efae395:   83 7e 20 01 75 5b f6 46 2e 10 75 55 3d fa 00 00
0x000000010efae3a5:   00 7f 33 3d 9c 00 00 00 7f 0f 83 f8 19 77 42 89 

Register to memory mapping:

RAX=0x00000000000000c9 is an unknown value
RBX=0x00007f9405881030 is an unknown value
RCX=0x00007f9405881210 is an unknown value
RDX=0x00007f940587fad8 is an unknown value
RSP=0x0000700009f84c70 is pointing into the stack for thread: 0x00007f9408002000
RBP=0x0000700009f84cc0 is pointing into the stack for thread: 0x00007f9408002000
RSI=0x0000000000000000 is an unknown value
RDI=0x00007f9405881030 is an unknown value
R8 =0x0000000000000000 is an unknown value
R9 =0x0000000000000005 is an unknown value
R10=0x0000000000000001 is an unknown value
R11=0x0000000000000030 is an unknown value
R12=0x0000000000000003 is an unknown value
R13=0x0000000000000000 is an unknown value
R14=0x00007f9405881030 is an unknown value
R15=0x0000000000000003 is an unknown value


Stack: [0x0000700009e8c000,0x0000700009f8c000],  sp=0x0000700009f84c70,  free space=995k
Native frames: (J=compiled Java code, j=interpreted, Vv=VM code, C=native code)
V  [libjvm.dylib+0x1ae395]
V  [libjvm.dylib+0x1af38a]
V  [libjvm.dylib+0x1af5c6]
V  [libjvm.dylib+0x1b0c92]
V  [libjvm.dylib+0x1b3a80]
V  [libjvm.dylib+0x150fae]
V  [libjvm.dylib+0x1b71b4]
V  [libjvm.dylib+0x1b96fb]
V  [libjvm.dylib+0x56c0b3]
V  [libjvm.dylib+0x56d7a0]
V  [libjvm.dylib+0x48baee]
C  [libsystem_pthread.dylib+0x36c1]  _pthread_body+0x154
C  [libsystem_pthread.dylib+0x356d]  _pthread_body+0x0
C  [libsystem_pthread.dylib+0x2c5d]  thread_start+0xd
C  0x0000000000000000


Current CompileTask:
C2:     98   18       4       Genome::crossover (19 bytes)


---------------  P R O C E S S  ---------------

Java Threads: ( => current thread )
  0x00007f940803d800 JavaThread "Service Thread" daemon [_thread_blocked, id=16131, stack(0x000070000a092000,0x000070000a192000)]
  0x00007f940602e000 JavaThread "C1 CompilerThread3" daemon [_thread_blocked, id=15363, stack(0x0000700009f8f000,0x000070000a08f000)]
=>0x00007f9408002000 JavaThread "C2 CompilerThread2" daemon [_thread_in_native, id=16643, stack(0x0000700009e8c000,0x0000700009f8c000)]
  0x00007f940602d800 JavaThread "C2 CompilerThread1" daemon [_thread_blocked, id=16899, stack(0x0000700009d89000,0x0000700009e89000)]
  0x00007f9405814800 JavaThread "C2 CompilerThread0" daemon [_thread_blocked, id=17155, stack(0x0000700009c86000,0x0000700009d86000)]
  0x00007f9405811000 JavaThread "Signal Dispatcher" daemon [_thread_blocked, id=17415, stack(0x0000700009b83000,0x0000700009c83000)]
  0x00007f940580f800 JavaThread "Finalizer" daemon [_thread_blocked, id=19203, stack(0x0000700009a80000,0x0000700009b80000)]
  0x00007f940580c800 JavaThread "Reference Handler" daemon [_thread_blocked, id=12547, stack(0x000070000997d000,0x0000700009a7d000)]
  0x00007f9406005800 JavaThread "main" [_thread_in_Java, id=9987, stack(0x0000700008f5f000,0x000070000905f000)]

Other Threads:
  0x00007f9406820000 VMThread [stack: 0x000070000987a000,0x000070000997a000] [id=12035]
  0x00007f940803e000 WatcherThread [stack: 0x000070000a195000,0x000070000a295000] [id=15875]

VM state:not at safepoint (normal execution)

VM Mutex/Monitor currently owned by a thread: None

Heap:
 PSYoungGen      total 76288K, used 2621K [0x000000076ab00000, 0x0000000770000000, 0x00000007c0000000)
  eden space 65536K, 4% used [0x000000076ab00000,0x000000076ad8f5e8,0x000000076eb00000)
  from space 10752K, 0% used [0x000000076f580000,0x000000076f580000,0x0000000770000000)
  to   space 10752K, 0% used [0x000000076eb00000,0x000000076eb00000,0x000000076f580000)
 ParOldGen       total 175104K, used 0K [0x00000006c0000000, 0x00000006cab00000, 0x000000076ab00000)
  object space 175104K, 0% used [0x00000006c0000000,0x00000006c0000000,0x00000006cab00000)
 Metaspace       used 2652K, capacity 4490K, committed 4864K, reserved 1056768K
  class space    used 288K, capacity 386K, committed 512K, reserved 1048576K

Card table byte_map: [0x0000000110167000,0x0000000110968000] byte_map_base: 0x000000010cb67000

Marking Bits: (ParMarkBitMap*) 0x000000010f6f35d0
 Begin Bits: [0x00000001259b5000, 0x00000001299b5000)
 End Bits:   [0x00000001299b5000, 0x000000012d9b5000)

Polling page: 0x000000010dda4000

CodeCache: size=245760Kb used=1088Kb max_used=1099Kb free=244671Kb
 bounds [0x00000001169b5000, 0x0000000116c25000, 0x00000001259b5000]
 total_blobs=250 nmethods=17 adapters=148
 compilation: enabled

Compilation events (10 events):
Event: 0.075 Thread 0x00007f940602e000 nmethod 13 0x0000000116ab7410 code [0x0000000116ab7560, 0x0000000116ab7670]
Event: 0.082 Thread 0x00007f940602e000   14       1       java.lang.ThreadLocal::access$400 (5 bytes)
Event: 0.082 Thread 0x00007f940602e000 nmethod 14 0x0000000116ac3d90 code [0x0000000116ac3ee0, 0x0000000116ac3fd0]
Event: 0.084 Thread 0x00007f940602e000   15       3       java.lang.String::indexOf (7 bytes)
Event: 0.084 Thread 0x00007f940602e000 nmethod 15 0x0000000116ac4050 code [0x0000000116ac41c0, 0x0000000116ac43c8]
Event: 0.086 Thread 0x00007f940602e000   16 %     3       Genome::crossover @ 13 (19 bytes)
Event: 0.086 Thread 0x00007f940602e000 nmethod 16% 0x0000000116ac4a50 code [0x0000000116ac4be0, 0x0000000116ac4ff0]
Event: 0.086 Thread 0x00007f9405814800   17 %     4       Genome::crossover @ 13 (19 bytes)
Event: 0.087 Thread 0x00007f9405814800 nmethod 17% 0x0000000116ac7e90 code [0x0000000116ac7fe0, 0x0000000116ac8058]
Event: 0.087 Thread 0x00007f9408002000   18       4       Genome::crossover (19 bytes)

GC Heap History (0 events):
No events

Deoptimization events (0 events):
No events

Internal exceptions (2 events):
Event: 0.030 Thread 0x00007f9406005800 Exception <a 'java/lang/NoSuchMethodError': Method sun.misc.Unsafe.defineClass(Ljava/lang/String;[BII)Ljava/lang/Class; name or signature does not match> (0x000000076ab07ca8) thrown at [/Users/java_re/workspace/8-2-build-macosx-x86_64/jdk8u144/9417/hotspo
Event: 0.030 Thread 0x00007f9406005800 Exception <a 'java/lang/NoSuchMethodError': Method sun.misc.Unsafe.prefetchRead(Ljava/lang/Object;J)V name or signature does not match> (0x000000076ab07f90) thrown at [/Users/java_re/workspace/8-2-build-macosx-x86_64/jdk8u144/9417/hotspot/src/share/vm/pri

Events (10 events):
Event: 0.084 loading class java/lang/Class$MethodArray
Event: 0.084 loading class java/lang/Class$MethodArray done
Event: 0.084 loading class java/lang/Void
Event: 0.084 loading class java/lang/Void done
Event: 0.084 loading class Genome
Event: 0.084 loading class Genome done
Event: 0.085 loading class java/util/Random
Event: 0.085 loading class java/util/Random done
Event: 0.087 Thread 0x00007f9406005800 DEOPT PACKING pc=0x0000000116ac4f1d sp=0x000070000905e810
Event: 0.087 Thread 0x00007f9406005800 DEOPT UNPACKING pc=0x00000001169fc633 sp=0x000070000905e568 mode 0


Dynamic libraries:
0x000000000a0cc000 	/System/Library/Frameworks/Cocoa.framework/Versions/A/Cocoa
0x000000000a0cc000 	/System/Library/Frameworks/Security.framework/Versions/A/Security
0x000000000a0cc000 	/System/Library/Frameworks/ApplicationServices.framework/Versions/A/ApplicationServices
0x000000000a0cc000 	/usr/lib/libz.1.dylib
0x000000000a0cc000 	/usr/lib/libSystem.B.dylib
0x000000000a0cc000 	/usr/lib/libobjc.A.dylib
0x000000000a0cc000 	/System/Library/Frameworks/CoreFoundation.framework/Versions/A/CoreFoundation
0x000000000a0cc000 	/System/Library/Frameworks/Foundation.framework/Versions/C/Foundation
0x000000000a0cc000 	/System/Library/Frameworks/AppKit.framework/Versions/C/AppKit
0x000000000a0cc000 	/System/Library/Frameworks/CoreData.framework/Versions/A/CoreData
0x000000000a0cc000 	/System/Library/PrivateFrameworks/RemoteViewServices.framework/Versions/A/RemoteViewServices
0x000000000a0cc000 	/System/Library/PrivateFrameworks/UIFoundation.framework/Versions/A/UIFoundation
0x000000000a0cc000 	/System/Library/PrivateFrameworks/DFRFoundation.framework/Versions/A/DFRFoundation
0x000000000a0cc000 	/System/Library/Frameworks/Metal.framework/Versions/A/Metal
0x000000000a0cc000 	/System/Library/PrivateFrameworks/DesktopServicesPriv.framework/Versions/A/DesktopServicesPriv
0x000000000a0cc000 	/usr/lib/libenergytrace.dylib
0x000000000a0cc000 	/System/Library/PrivateFrameworks/SkyLight.framework/Versions/A/SkyLight
0x000000000a0cc000 	/System/Library/Frameworks/CoreGraphics.framework/Versions/A/CoreGraphics
0x000000000a0cc000 	/usr/lib/libScreenReader.dylib
0x000000000a0cc000 	/System/Library/Frameworks/Accelerate.framework/Versions/A/Accelerate
0x000000000a0cc000 	/System/Library/Frameworks/IOSurface.framework/Versions/A/IOSurface
0x000000000a0cc000 	/System/Library/Frameworks/AudioToolbox.framework/Versions/A/AudioToolbox
0x000000000a0cc000 	/System/Library/Frameworks/AudioUnit.framework/Versions/A/AudioUnit
0x000000000a0cc000 	/System/Library/PrivateFrameworks/DataDetectorsCore.framework/Versions/A/DataDetectorsCore
0x000000000a0cc000 	/System/Library/Frameworks/Carbon.framework/Versions/A/Frameworks/HIToolbox.framework/Versions/A/HIToolbox
0x000000000a0cc000 	/usr/lib/libicucore.A.dylib
0x000000000a0cc000 	/System/Library/Frameworks/QuartzCore.framework/Versions/A/QuartzCore
0x000000000a0cc000 	/System/Library/Frameworks/Carbon.framework/Versions/A/Frameworks/SpeechRecognition.framework/Versions/A/SpeechRecognition
0x000000000a0cc000 	/usr/lib/libauto.dylib
0x000000000a0cc000 	/usr/lib/libxml2.2.dylib
0x000000000a0cc000 	/System/Library/PrivateFrameworks/CoreUI.framework/Versions/A/CoreUI
0x000000000a0cc000 	/System/Library/Frameworks/CoreAudio.framework/Versions/A/CoreAudio
0x000000000a0cc000 	/System/Library/Frameworks/DiskArbitration.framework/Versions/A/DiskArbitration
0x000000000a0cc000 	/usr/lib/liblangid.dylib
0x000000000a0cc000 	/System/Library/PrivateFrameworks/MultitouchSupport.framework/Versions/A/MultitouchSupport
0x000000000a0cc000 	/System/Library/Frameworks/IOKit.framework/Versions/A/IOKit
0x000000000a0cc000 	/usr/lib/libDiagnosticMessagesClient.dylib
0x000000000a0cc000 	/System/Library/Frameworks/CoreServices.framework/Versions/A/CoreServices
0x000000000a0cc000 	/System/Library/PrivateFrameworks/PerformanceAnalysis.framework/Versions/A/PerformanceAnalysis
0x000000000a0cc000 	/System/Library/Frameworks/OpenGL.framework/Versions/A/OpenGL
0x000000000a0cc000 	/System/Library/Frameworks/ColorSync.framework/Versions/A/ColorSync
0x000000000a0cc000 	/System/Library/Frameworks/CoreImage.framework/Versions/A/CoreImage
0x000000000a0cc000 	/System/Library/Frameworks/CoreText.framework/Versions/A/CoreText
0x000000000a0cc000 	/System/Library/Frameworks/ImageIO.framework/Versions/A/ImageIO
0x000000000a0cc000 	/System/Library/PrivateFrameworks/Backup.framework/Versions/A/Backup
0x000000000a0cc000 	/usr/lib/libarchive.2.dylib
0x000000000a0cc000 	/System/Library/Frameworks/CFNetwork.framework/Versions/A/CFNetwork
0x000000000a0cc000 	/System/Library/Frameworks/SystemConfiguration.framework/Versions/A/SystemConfiguration
0x000000000a0cc000 	/usr/lib/libCRFSuite.dylib
0x000000000a0cc000 	/usr/lib/libc++.1.dylib
0x000000000a0cc000 	/usr/lib/libc++abi.dylib
0x000000000a0cc000 	/usr/lib/system/libcache.dylib
0x000000000a0cc000 	/usr/lib/system/libcommonCrypto.dylib
0x000000000a0cc000 	/usr/lib/system/libcompiler_rt.dylib
0x000000000a0cc000 	/usr/lib/system/libcopyfile.dylib
0x000000000a0cc000 	/usr/lib/system/libcorecrypto.dylib
0x000000000a0cc000 	/usr/lib/system/libdispatch.dylib
0x000000000a0cc000 	/usr/lib/system/libdyld.dylib
0x000000000a0cc000 	/usr/lib/system/libkeymgr.dylib
0x000000000a0cc000 	/usr/lib/system/liblaunch.dylib
0x000000000a0cc000 	/usr/lib/system/libmacho.dylib
0x000000000a0cc000 	/usr/lib/system/libquarantine.dylib
0x000000000a0cc000 	/usr/lib/system/libremovefile.dylib
0x000000000a0cc000 	/usr/lib/system/libsystem_asl.dylib
0x000000000a0cc000 	/usr/lib/system/libsystem_blocks.dylib
0x000000000a0cc000 	/usr/lib/system/libsystem_c.dylib
0x000000000a0cc000 	/usr/lib/system/libsystem_configuration.dylib
0x000000000a0cc000 	/usr/lib/system/libsystem_coreservices.dylib
0x000000000a0cc000 	/usr/lib/system/libsystem_darwin.dylib
0x000000000a0cc000 	/usr/lib/system/libsystem_dnssd.dylib
0x000000000a0cc000 	/usr/lib/system/libsystem_info.dylib
0x000000000a0cc000 	/usr/lib/system/libsystem_m.dylib
0x000000000a0cc000 	/usr/lib/system/libsystem_malloc.dylib
0x000000000a0cc000 	/usr/lib/system/libsystem_network.dylib
0x000000000a0cc000 	/usr/lib/system/libsystem_networkextension.dylib
0x000000000a0cc000 	/usr/lib/system/libsystem_notify.dylib
0x000000000a0cc000 	/usr/lib/system/libsystem_sandbox.dylib
0x000000000a0cc000 	/usr/lib/system/libsystem_secinit.dylib
0x000000000a0cc000 	/usr/lib/system/libsystem_kernel.dylib
0x000000000a0cc000 	/usr/lib/system/libsystem_platform.dylib
0x000000000a0cc000 	/usr/lib/system/libsystem_pthread.dylib
0x000000000a0cc000 	/usr/lib/system/libsystem_symptoms.dylib
0x000000000a0cc000 	/usr/lib/system/libsystem_trace.dylib
0x000000000a0cc000 	/usr/lib/system/libunwind.dylib
0x000000000a0cc000 	/usr/lib/system/libxpc.dylib
0x000000000a0cc000 	/usr/lib/closure/libclosured.dylib
0x000000000a0cc000 	/usr/lib/libbsm.0.dylib
0x000000000a0cc000 	/usr/lib/system/libkxld.dylib
0x000000000a0cc000 	/usr/lib/libOpenScriptingUtil.dylib
0x000000000a0cc000 	/usr/lib/libcoretls.dylib
0x000000000a0cc000 	/usr/lib/libcoretls_cfhelpers.dylib
0x000000000a0cc000 	/usr/lib/libpam.2.dylib
0x000000000a0cc000 	/usr/lib/libsqlite3.dylib
0x000000000a0cc000 	/usr/lib/libxar.1.dylib
0x000000000a0cc000 	/usr/lib/libbz2.1.0.dylib
0x000000000a0cc000 	/usr/lib/liblzma.5.dylib
0x000000000a0cc000 	/usr/lib/libnetwork.dylib
0x000000000a0cc000 	/usr/lib/libapple_nghttp2.dylib
0x000000000a0cc000 	/usr/lib/libpcap.A.dylib
0x000000000a0cc000 	/usr/lib/libboringssl.dylib
0x000000000a0cc000 	/usr/lib/libusrtcp.dylib
0x000000000a0cc000 	/usr/lib/libapple_crypto.dylib
0x000000000a0cc000 	/System/Library/Frameworks/CoreServices.framework/Versions/A/Frameworks/FSEvents.framework/Versions/A/FSEvents
0x000000000a0cc000 	/System/Library/Frameworks/CoreServices.framework/Versions/A/Frameworks/CarbonCore.framework/Versions/A/CarbonCore
0x000000000a0cc000 	/System/Library/Frameworks/CoreServices.framework/Versions/A/Frameworks/Metadata.framework/Versions/A/Metadata
0x000000000a0cc000 	/System/Library/Frameworks/CoreServices.framework/Versions/A/Frameworks/OSServices.framework/Versions/A/OSServices
0x000000000a0cc000 	/System/Library/Frameworks/CoreServices.framework/Versions/A/Frameworks/SearchKit.framework/Versions/A/SearchKit
0x000000000a0cc000 	/System/Library/Frameworks/CoreServices.framework/Versions/A/Frameworks/AE.framework/Versions/A/AE
0x000000000a0cc000 	/System/Library/Frameworks/CoreServices.framework/Versions/A/Frameworks/LaunchServices.framework/Versions/A/LaunchServices
0x000000000a0cc000 	/System/Library/Frameworks/CoreServices.framework/Versions/A/Frameworks/DictionaryServices.framework/Versions/A/DictionaryServices
0x000000000a0cc000 	/System/Library/Frameworks/CoreServices.framework/Versions/A/Frameworks/SharedFileList.framework/Versions/A/SharedFileList
0x000000000a0cc000 	/System/Library/Frameworks/NetFS.framework/Versions/A/NetFS
0x000000000a0cc000 	/System/Library/PrivateFrameworks/NetAuth.framework/Versions/A/NetAuth
0x000000000a0cc000 	/System/Library/PrivateFrameworks/login.framework/Versions/A/Frameworks/loginsupport.framework/Versions/A/loginsupport
0x000000000a0cc000 	/System/Library/PrivateFrameworks/TCC.framework/Versions/A/TCC
0x000000000a0cc000 	/usr/lib/libmecabra.dylib
0x000000000a0cc000 	/System/Library/Frameworks/ApplicationServices.framework/Versions/A/Frameworks/ATS.framework/Versions/A/ATS
0x000000000a0cc000 	/System/Library/Frameworks/ApplicationServices.framework/Versions/A/Frameworks/ColorSyncLegacy.framework/Versions/A/ColorSyncLegacy
0x000000000a0cc000 	/System/Library/Frameworks/ApplicationServices.framework/Versions/A/Frameworks/HIServices.framework/Versions/A/HIServices
0x000000000a0cc000 	/System/Library/Frameworks/ApplicationServices.framework/Versions/A/Frameworks/LangAnalysis.framework/Versions/A/LangAnalysis
0x000000000a0cc000 	/System/Library/Frameworks/ApplicationServices.framework/Versions/A/Frameworks/PrintCore.framework/Versions/A/PrintCore
0x000000000a0cc000 	/System/Library/Frameworks/ApplicationServices.framework/Versions/A/Frameworks/QD.framework/Versions/A/QD
0x000000000a0cc000 	/System/Library/Frameworks/ApplicationServices.framework/Versions/A/Frameworks/SpeechSynthesis.framework/Versions/A/SpeechSynthesis
0x000000000a0cc000 	/System/Library/Frameworks/CoreDisplay.framework/Versions/A/CoreDisplay
0x000000000a0cc000 	/System/Library/Frameworks/Accelerate.framework/Versions/A/Frameworks/vImage.framework/Versions/A/vImage
0x000000000a0cc000 	/System/Library/Frameworks/Accelerate.framework/Versions/A/Frameworks/vecLib.framework/Versions/A/vecLib
0x000000000a0cc000 	/System/Library/Frameworks/Accelerate.framework/Versions/A/Frameworks/vecLib.framework/Versions/A/libvDSP.dylib
0x000000000a0cc000 	/System/Library/Frameworks/Accelerate.framework/Versions/A/Frameworks/vecLib.framework/Versions/A/libBNNS.dylib
0x000000000a0cc000 	/System/Library/Frameworks/Accelerate.framework/Versions/A/Frameworks/vecLib.framework/Versions/A/libQuadrature.dylib
0x000000000a0cc000 	/System/Library/Frameworks/Accelerate.framework/Versions/A/Frameworks/vecLib.framework/Versions/A/libvMisc.dylib
0x000000000a0cc000 	/System/Library/Frameworks/Accelerate.framework/Versions/A/Frameworks/vecLib.framework/Versions/A/libLAPACK.dylib
0x000000000a0cc000 	/System/Library/Frameworks/Accelerate.framework/Versions/A/Frameworks/vecLib.framework/Versions/A/libBLAS.dylib
0x000000000a0cc000 	/System/Library/Frameworks/Accelerate.framework/Versions/A/Frameworks/vecLib.framework/Versions/A/libLinearAlgebra.dylib
0x000000000a0cc000 	/System/Library/Frameworks/Accelerate.framework/Versions/A/Frameworks/vecLib.framework/Versions/A/libSparse.dylib
0x000000000a0cc000 	/System/Library/Frameworks/Accelerate.framework/Versions/A/Frameworks/vecLib.framework/Versions/A/libSparseBLAS.dylib
0x000000000a0cc000 	/System/Library/PrivateFrameworks/IOAccelerator.framework/Versions/A/IOAccelerator
0x000000000a0cc000 	/System/Library/PrivateFrameworks/IOPresentment.framework/Versions/A/IOPresentment
0x000000000a0cc000 	/System/Library/PrivateFrameworks/DSExternalDisplay.framework/Versions/A/DSExternalDisplay
0x000000000a0cc000 	/System/Library/Frameworks/OpenGL.framework/Versions/A/Libraries/libCoreFSCache.dylib
0x000000000a0cc000 	/System/Library/Frameworks/CoreVideo.framework/Versions/A/CoreVideo
0x000000000a0cc000 	/System/Library/PrivateFrameworks/GraphVisualizer.framework/Versions/A/GraphVisualizer
0x000000000a0cc000 	/System/Library/Frameworks/MetalPerformanceShaders.framework/Versions/A/MetalPerformanceShaders
0x000000000a0cc000 	/usr/lib/libFosl_dynamic.dylib
0x000000000a0cc000 	/System/Library/PrivateFrameworks/FaceCore.framework/Versions/A/FaceCore
0x000000000a0cc000 	/System/Library/Frameworks/OpenCL.framework/Versions/A/OpenCL
0x000000000a0cc000 	/usr/lib/libcompression.dylib
0x000000000a0cc000 	/System/Library/Frameworks/ApplicationServices.framework/Versions/A/Frameworks/ATS.framework/Versions/A/Resources/libFontParser.dylib
0x000000000a0cc000 	/System/Library/Frameworks/ApplicationServices.framework/Versions/A/Frameworks/ATS.framework/Versions/A/Resources/libFontRegistry.dylib
0x000000000a0cc000 	/System/Library/Frameworks/ImageIO.framework/Versions/A/Resources/libJPEG.dylib
0x000000000a0cc000 	/System/Library/Frameworks/ImageIO.framework/Versions/A/Resources/libTIFF.dylib
0x000000000a0cc000 	/System/Library/Frameworks/ImageIO.framework/Versions/A/Resources/libPng.dylib
0x000000000a0cc000 	/System/Library/Frameworks/ImageIO.framework/Versions/A/Resources/libGIF.dylib
0x000000000a0cc000 	/System/Library/Frameworks/ImageIO.framework/Versions/A/Resources/libJP2.dylib
0x000000000a0cc000 	/System/Library/Frameworks/ImageIO.framework/Versions/A/Resources/libRadiance.dylib
0x000000000a0cc000 	/System/Library/PrivateFrameworks/AppleJPEG.framework/Versions/A/AppleJPEG
0x000000000a0cc000 	/System/Library/PrivateFrameworks/MetalTools.framework/Versions/A/MetalTools
0x000000000a0cc000 	/System/Library/Frameworks/MetalPerformanceShaders.framework/Frameworks/MPSCore.framework/Versions/A/MPSCore
0x000000000a0cc000 	/System/Library/Frameworks/MetalPerformanceShaders.framework/Frameworks/MPSImage.framework/Versions/A/MPSImage
0x000000000a0cc000 	/System/Library/Frameworks/MetalPerformanceShaders.framework/Frameworks/MPSMatrix.framework/Versions/A/MPSMatrix
0x000000000a0cc000 	/System/Library/Frameworks/MetalPerformanceShaders.framework/Frameworks/MPSNeuralNetwork.framework/Versions/A/MPSNeuralNetwork
0x000000000a0cc000 	/System/Library/Frameworks/OpenGL.framework/Versions/A/Libraries/libGLU.dylib
0x000000000a0cc000 	/System/Library/Frameworks/OpenGL.framework/Versions/A/Libraries/libGFXShared.dylib
0x000000000a0cc000 	/System/Library/Frameworks/OpenGL.framework/Versions/A/Libraries/libGL.dylib
0x000000000a0cc000 	/System/Library/Frameworks/OpenGL.framework/Versions/A/Libraries/libGLImage.dylib
0x000000000a0cc000 	/System/Library/Frameworks/OpenGL.framework/Versions/A/Libraries/libCVMSPluginSupport.dylib
0x000000000a0cc000 	/System/Library/Frameworks/OpenGL.framework/Versions/A/Libraries/libCoreVMClient.dylib
0x000000000a0cc000 	/usr/lib/libcups.2.dylib
0x000000000a0cc000 	/System/Library/Frameworks/Kerberos.framework/Versions/A/Kerberos
0x000000000a0cc000 	/System/Library/Frameworks/GSS.framework/Versions/A/GSS
0x000000000a0cc000 	/usr/lib/libresolv.9.dylib
0x000000000a0cc000 	/usr/lib/libiconv.2.dylib
0x000000000a0cc000 	/System/Library/PrivateFrameworks/Heimdal.framework/Versions/A/Heimdal
0x000000000a0cc000 	/usr/lib/libheimdal-asn1.dylib
0x000000000a0cc000 	/System/Library/Frameworks/OpenDirectory.framework/Versions/A/OpenDirectory
0x000000000a0cc000 	/System/Library/PrivateFrameworks/CommonAuth.framework/Versions/A/CommonAuth
0x000000000a0cc000 	/System/Library/Frameworks/OpenDirectory.framework/Versions/A/Frameworks/CFOpenDirectory.framework/Versions/A/CFOpenDirectory
0x000000000a0cc000 	/System/Library/Frameworks/SecurityFoundation.framework/Versions/A/SecurityFoundation
0x000000000a0cc000 	/System/Library/PrivateFrameworks/APFS.framework/Versions/A/APFS
0x000000000a0cc000 	/usr/lib/libutil.dylib
0x000000000a0cc000 	/System/Library/PrivateFrameworks/AppleSauce.framework/Versions/A/AppleSauce
0x000000000a0cc000 	/System/Library/PrivateFrameworks/LinguisticData.framework/Versions/A/LinguisticData
0x000000000a0cc000 	/usr/lib/libmarisa.dylib
0x000000000a0cc000 	/System/Library/PrivateFrameworks/Lexicon.framework/Versions/A/Lexicon
0x000000000a0cc000 	/usr/lib/libChineseTokenizer.dylib
0x000000000a0cc000 	/usr/lib/libcmph.dylib
0x000000000a0cc000 	/System/Library/PrivateFrameworks/LanguageModeling.framework/Versions/A/LanguageModeling
0x000000000a0cc000 	/System/Library/PrivateFrameworks/CoreEmoji.framework/Versions/A/CoreEmoji
0x000000000a0cc000 	/System/Library/Frameworks/ServiceManagement.framework/Versions/A/ServiceManagement
0x000000000a0cc000 	/System/Library/PrivateFrameworks/BackgroundTaskManagement.framework/Versions/A/BackgroundTaskManagement
0x000000000a0cc000 	/usr/lib/libxslt.1.dylib
0x000000000a0cc000 	/System/Library/Frameworks/Carbon.framework/Versions/A/Frameworks/Ink.framework/Versions/A/Ink
0x000000000a0cc000 	/System/Library/PrivateFrameworks/TextureIO.framework/Versions/A/TextureIO
0x000000000a0cc000 	/usr/lib/libate.dylib
0x000000000a0cc000 	/System/Library/PrivateFrameworks/CrashReporterSupport.framework/Versions/A/CrashReporterSupport
0x000000000a0cc000 	/System/Library/PrivateFrameworks/Sharing.framework/Versions/A/Sharing
0x000000000a0cc000 	/System/Library/PrivateFrameworks/IconServices.framework/Versions/A/IconServices
0x000000000a0cc000 	/System/Library/PrivateFrameworks/ProtocolBuffer.framework/Versions/A/ProtocolBuffer
0x000000000a0cc000 	/System/Library/PrivateFrameworks/Apple80211.framework/Versions/A/Apple80211
0x000000000a0cc000 	/System/Library/Frameworks/CoreWLAN.framework/Versions/A/CoreWLAN
0x000000000a0cc000 	/System/Library/PrivateFrameworks/CoreUtils.framework/Versions/A/CoreUtils
0x000000000a0cc000 	/System/Library/Frameworks/IOBluetooth.framework/Versions/A/IOBluetooth
0x000000000a0cc000 	/System/Library/PrivateFrameworks/CoreWiFi.framework/Versions/A/CoreWiFi
0x000000000a0cc000 	/System/Library/Frameworks/CoreBluetooth.framework/Versions/A/CoreBluetooth
0x000000000a0cc000 	/System/Library/PrivateFrameworks/SignpostNotification.framework/Versions/A/SignpostNotification
0x000000000a0cc000 	/System/Library/PrivateFrameworks/DebugSymbols.framework/Versions/A/DebugSymbols
0x000000000a0cc000 	/System/Library/PrivateFrameworks/CoreSymbolication.framework/Versions/A/CoreSymbolication
0x000000000a0cc000 	/System/Library/PrivateFrameworks/Symbolication.framework/Versions/A/Symbolication
0x000000000a0cc000 	/System/Library/PrivateFrameworks/AppleFSCompression.framework/Versions/A/AppleFSCompression
0x000000000a0cc000 	/System/Library/PrivateFrameworks/SpeechRecognitionCore.framework/Versions/A/SpeechRecognitionCore
0x000000010ee00000 	/Library/Java/JavaVirtualMachines/jdk1.8.0_144.jdk/Contents/Home/jre/lib/server/libjvm.dylib
0x000000000a0cc000 	/usr/lib/libstdc++.6.0.9.dylib
0x000000010dd61000 	/Library/Java/JavaVirtualMachines/jdk1.8.0_144.jdk/Contents/Home/jre/lib/libverify.dylib
0x000000010dd6f000 	/Library/Java/JavaVirtualMachines/jdk1.8.0_144.jdk/Contents/Home/jre/lib/libjava.dylib
0x000000010ddee000 	/Library/Java/JavaVirtualMachines/jdk1.8.0_144.jdk/Contents/Home/jre/lib/libzip.dylib
0x000000000a0cc000 	/System/Library/Frameworks/JavaVM.framework/Versions/A/Frameworks/JavaRuntimeSupport.framework/Versions/A/JavaRuntimeSupport
0x000000000a0cc000 	/System/Library/Frameworks/JavaVM.framework/Versions/A/Frameworks/JavaNativeFoundation.framework/Versions/A/JavaNativeFoundation
0x000000000a0cc000 	/System/Library/Frameworks/JavaVM.framework/Versions/A/JavaVM
0x000000000a0cc000 	/System/Library/Frameworks/Carbon.framework/Versions/A/Carbon
0x000000000a0cc000 	/System/Library/PrivateFrameworks/JavaLaunching.framework/Versions/A/JavaLaunching
0x000000000a0cc000 	/System/Library/Frameworks/Carbon.framework/Versions/A/Frameworks/CommonPanels.framework/Versions/A/CommonPanels
0x000000000a0cc000 	/System/Library/Frameworks/Carbon.framework/Versions/A/Frameworks/Help.framework/Versions/A/Help
0x000000000a0cc000 	/System/Library/Frameworks/Carbon.framework/Versions/A/Frameworks/ImageCapture.framework/Versions/A/ImageCapture
0x000000000a0cc000 	/System/Library/Frameworks/Carbon.framework/Versions/A/Frameworks/OpenScripting.framework/Versions/A/OpenScripting
0x000000000a0cc000 	/System/Library/Frameworks/Carbon.framework/Versions/A/Frameworks/Print.framework/Versions/A/Print
0x000000000a0cc000 	/System/Library/Frameworks/Carbon.framework/Versions/A/Frameworks/SecurityHI.framework/Versions/A/SecurityHI

VM Arguments:
jvm_args: -Dfile.encoding=UTF-8 
java_command: Main
java_class_path (initial): /Users/Armoni/Documents/TCSS 342/HomeWork2/bin
Launcher Type: SUN_STANDARD

Environment Variables:
PATH=/usr/bin:/bin:/usr/sbin:/sbin
SHELL=/bin/bash

Signal Handlers:
SIGSEGV: [libjvm.dylib+0x5b26e5], sa_mask[0]=11111111011111110111111111111111, sa_flags=SA_ONSTACK|SA_RESTART|SA_SIGINFO
SIGBUS: [libjvm.dylib+0x5b26e5], sa_mask[0]=11111111011111110111111111111111, sa_flags=SA_RESTART|SA_SIGINFO
SIGFPE: [libjvm.dylib+0x489100], sa_mask[0]=11111111011111110111111111111111, sa_flags=SA_RESTART|SA_SIGINFO
SIGPIPE: [libjvm.dylib+0x489100], sa_mask[0]=11111111011111110111111111111111, sa_flags=SA_RESTART|SA_SIGINFO
SIGXFSZ: [libjvm.dylib+0x489100], sa_mask[0]=11111111011111110111111111111111, sa_flags=SA_RESTART|SA_SIGINFO
SIGILL: [libjvm.dylib+0x489100], sa_mask[0]=11111111011111110111111111111111, sa_flags=SA_RESTART|SA_SIGINFO
SIGUSR1: SIG_DFL, sa_mask[0]=00000000000000000000000000000000, sa_flags=none
SIGUSR2: [libjvm.dylib+0x488c1e], sa_mask[0]=00100000000000000000000000000000, sa_flags=SA_RESTART|SA_SIGINFO
SIGHUP: [libjvm.dylib+0x4871f5], sa_mask[0]=11111111011111110111111111111111, sa_flags=SA_RESTART|SA_SIGINFO
SIGINT: [libjvm.dylib+0x4871f5], sa_mask[0]=11111111011111110111111111111111, sa_flags=SA_RESTART|SA_SIGINFO
SIGTERM: [libjvm.dylib+0x4871f5], sa_mask[0]=11111111011111110111111111111111, sa_flags=SA_RESTART|SA_SIGINFO
SIGQUIT: [libjvm.dylib+0x4871f5], sa_mask[0]=11111111011111110111111111111111, sa_flags=SA_RESTART|SA_SIGINFO


---------------  S Y S T E M  ---------------

OS:Bsduname:Darwin 17.4.0 Darwin Kernel Version 17.4.0: Sun Dec 17 09:19:54 PST 2017; root:xnu-4570.41.2~1/RELEASE_X86_64 x86_64
rlimit: STACK 8192k, CORE 0k, NPROC 1418, NOFILE 10240, AS infinity
load average:2.21 2.33 2.28

CPU:total 8 (initial active 8) (4 cores per cpu, 2 threads per core) family 6 model 70 stepping 1, cmov, cx8, fxsr, mmx, sse, sse2, sse3, ssse3, sse4.1, sse4.2, popcnt, avx, avx2, aes, clmul, erms, lzcnt, ht, tsc, tscinvbit, bmi1, bmi2

Memory: 4k page, physical 16777216k(3271760k free)

/proc/meminfo:


vm_info: Java HotSpot(TM) 64-Bit Server VM (25.144-b01) for bsd-amd64 JRE (1.8.0_144-b01), built on Jul 21 2017 22:07:42 by "java_re" with gcc 4.2.1 (Based on Apple Inc. build 5658) (LLVM build 2336.11.00)

time: Wed Apr 11 16:41:23 2018
elapsed time: 0 seconds (0d 0h 0m 0s)

